Using pre-set license
Built from '2021.3/staging' branch; Version is '2021.3.19f1 (c9714fde33b6) revision 13201743'; Using compiler version '192829333'; Build Type 'Release'
OS: 'Windows 10  (10.0.19044) 64bit Enterprise' Language: 'en' Physical Memory: 32456 MB
BatchMode: 1, IsHumanControllingUs: 0, StartBugReporterOnCrash: 0, Is64bit: 1, IsPro: 1

COMMAND LINE ARGUMENTS:
C:\Program Files\Unity 2021.3.19f1\Editor\Unity.exe
-adb2
-batchMode
-noUpm
-name
AssetImportWorker0
-projectPath
C:/Users/horna733/Documents/creation/Pyramid-Adam
-logFile
Logs/AssetImportWorker0.log
-srvPort
52303
Successfully changed project path to: C:/Users/horna733/Documents/creation/Pyramid-Adam
C:/Users/horna733/Documents/creation/Pyramid-Adam
[UnityMemory] Configuration Parameters - Can be set up in boot.config
    "memorysetup-bucket-allocator-granularity=16"
    "memorysetup-bucket-allocator-bucket-count=8"
    "memorysetup-bucket-allocator-block-size=33554432"
    "memorysetup-bucket-allocator-block-count=8"
    "memorysetup-main-allocator-block-size=16777216"
    "memorysetup-thread-allocator-block-size=16777216"
    "memorysetup-gfx-main-allocator-block-size=16777216"
    "memorysetup-gfx-thread-allocator-block-size=16777216"
    "memorysetup-cache-allocator-block-size=4194304"
    "memorysetup-typetree-allocator-block-size=2097152"
    "memorysetup-profiler-bucket-allocator-granularity=16"
    "memorysetup-profiler-bucket-allocator-bucket-count=8"
    "memorysetup-profiler-bucket-allocator-block-size=33554432"
    "memorysetup-profiler-bucket-allocator-block-count=8"
    "memorysetup-profiler-allocator-block-size=16777216"
    "memorysetup-profiler-editor-allocator-block-size=1048576"
    "memorysetup-temp-allocator-size-main=16777216"
    "memorysetup-job-temp-allocator-block-size=2097152"
    "memorysetup-job-temp-allocator-block-size-background=1048576"
    "memorysetup-job-temp-allocator-reduction-small-platforms=262144"
    "memorysetup-temp-allocator-size-background-worker=32768"
    "memorysetup-temp-allocator-size-job-worker=262144"
    "memorysetup-temp-allocator-size-preload-manager=33554432"
    "memorysetup-temp-allocator-size-nav-mesh-worker=65536"
    "memorysetup-temp-allocator-size-audio-worker=65536"
    "memorysetup-temp-allocator-size-cloud-worker=32768"
    "memorysetup-temp-allocator-size-gi-baking-worker=262144"
    "memorysetup-temp-allocator-size-gfx=262144"
Player connection [9332] Host "[IP] 10.2.3.250 [Port] 0 [Flags] 2 [Guid] 925586457 [EditorId] 925586457 [Version] 1048832 [Id] WindowsEditor(7,CE105WD238870S) [Debug] 1 [PackageName] WindowsEditor [ProjectName] Editor" joined multi-casting on [225.0.0.222:54997]...

Player connection [9332] Host "[IP] 10.2.3.250 [Port] 0 [Flags] 2 [Guid] 925586457 [EditorId] 925586457 [Version] 1048832 [Id] WindowsEditor(7,CE105WD238870S) [Debug] 1 [PackageName] WindowsEditor [ProjectName] Editor" joined alternative multi-casting on [225.0.0.222:34997]...

Refreshing native plugins compatible for Editor in 53.24 ms, found 3 plugins.
Preloading 0 native plugins for Editor in 0.00 ms.
Initialize engine version: 2021.3.19f1 (c9714fde33b6)
[Subsystems] Discovering subsystems at path C:/Program Files/Unity 2021.3.19f1/Editor/Data/Resources/UnitySubsystems
[Subsystems] Discovering subsystems at path C:/Users/horna733/Documents/creation/Pyramid-Adam/Assets
GfxDevice: creating device client; threaded=0; jobified=0
Direct3D:
    Version:  Direct3D 11.0 [level 11.1]
    Renderer: Intel(R) UHD Graphics (ID=0xa780)
    Vendor:   Intel
    VRAM:     16228 MB
    Driver:   31.0.101.3302
Initialize mono
Mono path[0] = 'C:/Program Files/Unity 2021.3.19f1/Editor/Data/Managed'
Mono path[1] = 'C:/Program Files/Unity 2021.3.19f1/Editor/Data/MonoBleedingEdge/lib/mono/unityjit-win32'
Mono config path = 'C:/Program Files/Unity 2021.3.19f1/Editor/Data/MonoBleedingEdge/etc'
Using monoOptions --debugger-agent=transport=dt_socket,embedding=1,server=y,suspend=n,address=127.0.0.1:56840
Begin MonoManager ReloadAssembly
Registering precompiled unity dll's ...
Register platform support module: C:/Program Files/Unity 2021.3.19f1/Editor/Data/PlaybackEngines/WebGLSupport/UnityEditor.WebGL.Extensions.dll
Register platform support module: C:/Program Files/Unity 2021.3.19f1/Editor/Data/PlaybackEngines/WindowsStandaloneSupport/UnityEditor.WindowsStandalone.Extensions.dll
Register platform support module: C:/Program Files/Unity 2021.3.19f1/Editor/Data/PlaybackEngines/MetroSupport/UnityEditor.UWP.Extensions.dll
Registered in 0.004668 seconds.
Native extension for UWP target not found
Native extension for WindowsStandalone target not found
Native extension for WebGL target not found
Refreshing native plugins compatible for Editor in 50.99 ms, found 3 plugins.
Preloading 0 native plugins for Editor in 0.00 ms.
Mono: successfully reloaded assembly
- Completed reload, in  0.552 seconds
Domain Reload Profiling:
	ReloadAssembly (553ms)
		BeginReloadAssembly (67ms)
			ExecutionOrderSort (0ms)
			DisableScriptedObjects (0ms)
			BackupInstance (0ms)
			ReleaseScriptingObjects (0ms)
			CreateAndSetChildDomain (0ms)
		EndReloadAssembly (390ms)
			LoadAssemblies (68ms)
			RebuildTransferFunctionScriptingTraits (0ms)
			SetupTypeCache (89ms)
			ReleaseScriptCaches (0ms)
			RebuildScriptCaches (25ms)
			SetupLoadedEditorAssemblies (231ms)
				LogAssemblyErrors (0ms)
				InitializePlatformSupportModulesInManaged (9ms)
				SetLoadedEditorAssemblies (0ms)
				RefreshPlugins (51ms)
				BeforeProcessingInitializeOnLoad (1ms)
				ProcessInitializeOnLoadAttributes (127ms)
				ProcessInitializeOnLoadMethodAttributes (43ms)
				AfterProcessingInitializeOnLoad (0ms)
				EditorAssembliesLoaded (0ms)
			ExecutionOrderSort2 (0ms)
			AwakeInstancesAfterBackupRestoration (0ms)
Platform modules already initialized, skipping
Registering precompiled user dll's ...
Registered in 0.005372 seconds.
Begin MonoManager ReloadAssembly
Native extension for UWP target not found
Native extension for WindowsStandalone target not found
Native extension for WebGL target not found
Refreshing native plugins compatible for Editor in 0.58 ms, found 3 plugins.
Preloading 0 native plugins for Editor in 0.00 ms.
Mono: successfully reloaded assembly
- Completed reload, in  0.793 seconds
Domain Reload Profiling:
	ReloadAssembly (794ms)
		BeginReloadAssembly (84ms)
			ExecutionOrderSort (0ms)
			DisableScriptedObjects (6ms)
			BackupInstance (0ms)
			ReleaseScriptingObjects (0ms)
			CreateAndSetChildDomain (18ms)
		EndReloadAssembly (606ms)
			LoadAssemblies (55ms)
			RebuildTransferFunctionScriptingTraits (0ms)
			SetupTypeCache (175ms)
			ReleaseScriptCaches (0ms)
			RebuildScriptCaches (43ms)
			SetupLoadedEditorAssemblies (282ms)
				LogAssemblyErrors (0ms)
				InitializePlatformSupportModulesInManaged (6ms)
				SetLoadedEditorAssemblies (0ms)
				RefreshPlugins (1ms)
				BeforeProcessingInitializeOnLoad (59ms)
				ProcessInitializeOnLoadAttributes (193ms)
				ProcessInitializeOnLoadMethodAttributes (17ms)
				AfterProcessingInitializeOnLoad (6ms)
				EditorAssembliesLoaded (0ms)
			ExecutionOrderSort2 (0ms)
			AwakeInstancesAfterBackupRestoration (9ms)
Platform modules already initialized, skipping
========================================================================
Worker process is ready to serve import requests
Launched and connected shader compiler UnityShaderCompiler.exe after 0.05 seconds
Refreshing native plugins compatible for Editor in 0.29 ms, found 3 plugins.
Preloading 0 native plugins for Editor in 0.00 ms.
Unloading 2918 Unused Serialized files (Serialized files now loaded: 0)
Unloading 21 unused Assets / (56.1 KB). Loaded Objects now: 3381.
Memory consumption went from 102.8 MB to 102.8 MB.
Total: 1.976400 ms (FindLiveObjects: 0.134200 ms CreateObjectMapping: 0.039300 ms MarkObjects: 1.752900 ms  DeleteObjects: 0.049100 ms)

AssetImportParameters requested are different than current active one (requested -> active):
  custom:video-decoder-ogg-theora: a1e56fd34408186e4bbccfd4996cb3dc -> 
  custom:container-muxer-webm: aa71ff27fc2769a1b78a27578f13a17b -> 
  custom:container-demuxer-webm: 4f35f7cbe854078d1ac9338744f61a02 -> 
  custom:video-encoder-webm-vp8: eb34c28f22e8b96e1ab97ce403110664 -> 
  custom:audio-encoder-webm-vorbis: bf7c407c2cedff20999df2af8eb42d56 -> 
  custom:framework-win-MediaFoundation: 216162199b28c13a410421893ffa2e32 -> 
  custom:container-demuxer-ogg: 62fdf1f143b41e24485cea50d1cbac27 -> 
  custom:video-decoder-webm-vp8: 9c59270c3fd7afecdb556c50c9e8de78 -> 
  custom:audio-decoder-ogg-vorbis: bf7c407c2cedff20999df2af8eb42d56 -> 
========================================================================
Received Import Request.
  Time since last request: 12201.874778 seconds.
  path: Assets/Materials
  artifactKey: Guid(db30153c3662e314b97a46002b17cfd8) Importer(815301076,1909f56bfc062723c751e8b465ee728b)
Start importing Assets/Materials using Guid(db30153c3662e314b97a46002b17cfd8) Importer(815301076,1909f56bfc062723c751e8b465ee728b)  -> (artifact id: '37e7443274da21dc0040ad2a75741eca') in 0.004373 seconds 
========================================================================
Received Import Request.
  Time since last request: 4.259672 seconds.
  path: Assets/Materials/New Material.mat
  artifactKey: Guid(8cc1840768de4534e905e1262260625c) Importer(815301076,1909f56bfc062723c751e8b465ee728b)
Start importing Assets/Materials/New Material.mat using Guid(8cc1840768de4534e905e1262260625c) Importer(815301076,1909f56bfc062723c751e8b465ee728b)  -> (artifact id: '27ab1d4b75b841f6ee338a0ee303cdb1') in 0.151585 seconds 
========================================================================
Received Import Request.
  Time since last request: 3.063729 seconds.
  path: Assets/Materials/New Material 1.mat
  artifactKey: Guid(1eba18e0ea8e3fb418be7fba4db34a9a) Importer(815301076,1909f56bfc062723c751e8b465ee728b)
Start importing Assets/Materials/New Material 1.mat using Guid(1eba18e0ea8e3fb418be7fba4db34a9a) Importer(815301076,1909f56bfc062723c751e8b465ee728b)  -> (artifact id: 'be6c84e248e32e717790b0669adc29b5') in 0.013173 seconds 
========================================================================
Received Import Request.
  Time since last request: 9.491532 seconds.
  path: Assets/Materials/sphere_material.mat
  artifactKey: Guid(d34bc3acccd4adb4fb264b9d41202d77) Importer(815301076,1909f56bfc062723c751e8b465ee728b)
Start importing Assets/Materials/sphere_material.mat using Guid(d34bc3acccd4adb4fb264b9d41202d77) Importer(815301076,1909f56bfc062723c751e8b465ee728b)  -> (artifact id: 'e2364475dc6c31c9295e57b124d6a270') in 0.014031 seconds 
========================================================================
Received Import Request.
  Time since last request: 11.547668 seconds.
  path: Assets/Materials/Cylinder_material.mat
  artifactKey: Guid(8cc1840768de4534e905e1262260625c) Importer(815301076,1909f56bfc062723c751e8b465ee728b)
Start importing Assets/Materials/Cylinder_material.mat using Guid(8cc1840768de4534e905e1262260625c) Importer(815301076,1909f56bfc062723c751e8b465ee728b)  -> (artifact id: 'e0d84cacee85f942b9a0ac5738d8e512') in 0.012684 seconds 
========================================================================
Received Import Request.
  Time since last request: 26.276588 seconds.
  path: Assets/Materials/Cube_material.mat
  artifactKey: Guid(1eba18e0ea8e3fb418be7fba4db34a9a) Importer(815301076,1909f56bfc062723c751e8b465ee728b)
Start importing Assets/Materials/Cube_material.mat using Guid(1eba18e0ea8e3fb418be7fba4db34a9a) Importer(815301076,1909f56bfc062723c751e8b465ee728b)  -> (artifact id: '40ff8cd1e42456d7c3ec4c15fb31f8b1') in 0.012947 seconds 
========================================================================
Received Import Request.
  Time since last request: 8.701797 seconds.
  path: Assets/Materials/Sphere_material.mat
  artifactKey: Guid(d34bc3acccd4adb4fb264b9d41202d77) Importer(815301076,1909f56bfc062723c751e8b465ee728b)
Start importing Assets/Materials/Sphere_material.mat using Guid(d34bc3acccd4adb4fb264b9d41202d77) Importer(815301076,1909f56bfc062723c751e8b465ee728b)  -> (artifact id: '293c090e66dec49f6ad9be16647db859') in 0.017964 seconds 
========================================================================
Received Import Request.
  Time since last request: 135.883689 seconds.
  path: Assets/Materials/Cube_material.mat
  artifactKey: Guid(1eba18e0ea8e3fb418be7fba4db34a9a) Importer(815301076,1909f56bfc062723c751e8b465ee728b)
Start importing Assets/Materials/Cube_material.mat using Guid(1eba18e0ea8e3fb418be7fba4db34a9a) Importer(815301076,1909f56bfc062723c751e8b465ee728b)  -> (artifact id: '8ddb72d4be64ba26807afd4787418c60') in 0.011632 seconds 
========================================================================
Received Import Request.
  Time since last request: 0.000017 seconds.
  path: Assets/Materials/Sphere_material.mat
  artifactKey: Guid(d34bc3acccd4adb4fb264b9d41202d77) Importer(815301076,1909f56bfc062723c751e8b465ee728b)
Start importing Assets/Materials/Sphere_material.mat using Guid(d34bc3acccd4adb4fb264b9d41202d77) Importer(815301076,1909f56bfc062723c751e8b465ee728b)  -> (artifact id: '65484e5b4dba680af577e1c988651e7f') in 0.015266 seconds 
